Snapshot 2026-07-19T20:52:42.037521 -- 50 entree(s) system_log

[2026-07-15T08:36:30.876572] WARNING  (homeassistant.components.switch) Updating wake_on_lan switch took longer than the scheduled update interval 0:00:30  [src=helpers/entity_platform.py:1114, count=4]
[2026-07-15T08:56:00.571631] ERROR    (homeassistant.components.hassio.http) Client error on api core/logs/follow request Cannot write to closing transport  [src=components/hassio/http.py:235, count=7]
[2026-07-15T20:57:22.318913] WARNING  (homeassistant.components.http.ban) Login attempt or request with invalid authentication from supervisor (172.30.32.2). Requested URL: '/api/core/state'. (HomeAssistantSupervisor/2026.06.2 aiohttp/3.14.1 Python/3.14)  [src=components/http/ban.py:136, count=3]
[2026-07-15T23:50:10.358012] WARNING  (homeassistant.components.sensor.recorder) Entity sensor.fusionsolar_daily_energy has state class total_increasing, but its state is not strictly increasing. Triggered by state 32.23 (previous state: 32.49) with last_updated set to 2026-07-15T21:48:02.035708+00:00. Please create a bug report at https://github.com/home-assistant/core/issues?q=is%3Aopen+is%3Aissue  [src=components/sensor/recorder.py:416, count=4]
[2026-07-16T06:29:01.028163] ERROR    (custom_components.pyscript.file.fusionsolar.update_fusionsolar_sensors) FusionSolar: grid_power_kw est None — compteur réseau non détecté  [src=custom_components/pyscript/eval.py:2018, count=1888]
[2026-07-16T10:29:03.211951] ERROR    (custom_components.pyscript.file.telegram_commands.telegram_command_router) Exception in <file.telegram_commands.telegram_command_router> line 139:
            return " ".join(str(x) for x in args).strip()
                           ^
NotImplementedError: file.telegram_commands.telegram_command_router: not implemented ast ast_generatorexp
Traceback (most recent call last):
  File "/config/custom_components/pyscript/eval.py", line 946, in aeval
    val = await getattr(self, name, self.ast_not_implemented)(arg)
          ^^^^^^^^^^^^^^^^^^^^^^^^^^^^^^^^^^^^^^^^^^^^^^^^^^^^^^^^
  File "/config/custom_components/pyscript/eval.py", line 937, in ast_not_implemented
    raise NotImplementedError(f"{self.name}: not implemented ast " + name)
NotImplementedError: file.telegram_commands.telegram_command_router: not implemented ast ast_generatorexp
  [src=custom_components/pyscript/trigger.py:1397, count=1]
[2026-07-16T10:30:47.393560] WARNING  (pychromecast.controllers) STOP command requested but no session is active.  [src=components/cast/media_player.py:572, count=4]
[2026-07-16T11:05:01.439395] ERROR    (custom_components.pyscript.file.fusionsolar.update_fusionsolar_every_5_min) FusionSolar update failed: pyscript functions can't be called from task.executor - must be a regular python function  [src=custom_components/pyscript/eval.py:2018, count=34]
[2026-07-16T11:13:53.035968] ERROR    (custom_components.pyscript.file.telegram_commands.telegram_router) Exception in <file.telegram_commands.telegram_router> line 75:
        service.call(CONFIG["telegram_domain"], CONFIG["telegram_service"], **data)
                                                       ^
KeyError: 'telegram'
Traceback (most recent call last):
  File "/config/custom_components/pyscript/eval.py", line 946, in aeval
    val = await getattr(self, name, self.ast_not_implemented)(arg)
          ^^^^^^^^^^^^^^^^^^^^^^^^^^^^^^^^^^^^^^^^^^^^^^^^^^^^^^^^
  File "/config/custom_components/pyscript/eval.py", line 1967, in ast_call
    return await self.call_func(func, func_name, *args, **kwargs)
           ^^^^^^^^^^^^^^^^^^^^^^^^^^^^^^^^^^^^^^^^^^^^^^^^^^^^^^
  File "/config/custom_components/pyscript/eval.py", line 2009, in call_func
    return await func(*args, **kwargs)
           ^^^^^^^^^^^^^^^^^^^^^^^^^^^
  File "/config/custom_components/pyscript/function.py", line 334, in service_call
    return await cls.hass_services_async_call(domain, name, kwargs, **hass_args)
           ^^^^^^^^^^^^^^^^^^^^^^^^^^^^^^^^^^^^^^^^^^^^^^^^^^^^^^^^^^^^^^^^^^^^^
  File "/config/custom_components/pyscript/function.py", line 429, in hass_services_async_call
    and cls.hass.services.supports_response(domain, service) == SERVICE_RESPONSE_ONLY
        ~~~~~~~~~~~~~~~~~~~~~~~~~~~~~~~~~~~^^^^^^^^^^^^^^^^^
  File "/usr/src/homeassistant/homeassistant/core.py", line 2540, in supports_response
    if not (handler := self._services[domain.lower()][service.lower()]):
                       ~~~~~~~~~~~~~~~~~~~~~~~~~~~~~~^^^^^^^^^^^^^^^^^
KeyError: 'telegram'
  [src=custom_components/pyscript/trigger.py:1397, count=1]
[2026-07-16T12:04:44.801515] ERROR    (homeassistant.components.spotify.coordinator) Unexpected error fetching spotify data  [src=helpers/update_coordinator.py:426, count=6]
[2026-07-16T12:10:14.798034] ERROR    (homeassistant.components.spotify.coordinator) Error fetching spotify data: 503, message='Service Unavailable', url='https://accounts.spotify.com/api/token'  [src=helpers/update_coordinator.py:459, count=1]
[2026-07-16T14:16:46.609829] ERROR    (custom_components.pyscript.file.fusionsolar.handle) Exception in <file.fusionsolar.handle> line 193:
        service.call("telegram_bot.send_message", message=msg, target=chat)
                     ^
TypeError: Function.service_call() missing 1 required positional argument: 'name'
Traceback (most recent call last):
  File "/config/custom_components/pyscript/eval.py", line 1250, in ast_try
    val = await self.aeval(arg1)
          ^^^^^^^^^^^^^^^^^^^^^^
  File "/config/custom_components/pyscript/eval.py", line 946, in aeval
    val = await getattr(self, name, self.ast_not_implemented)(arg)
          ^^^^^^^^^^^^^^^^^^^^^^^^^^^^^^^^^^^^^^^^^^^^^^^^^^^^^^^^
  File "/config/custom_components/pyscript/eval.py", line 1048, in ast_if
    val = await self.aeval(arg1)
          ^^^^^^^^^^^^^^^^^^^^^^
  File "/config/custom_components/pyscript/eval.py", line 946, in aeval
    val = await getattr(self, name, self.ast_not_implemented)(arg)
          ^^^^^^^^^^^^^^^^^^^^^^^^^^^^^^^^^^^^^^^^^^^^^^^^^^^^^^^^
  File "/config/custom_components/pyscript/eval.py", line 1043, in ast_if
    val = await self.aeval(arg1)
          ^^^^^^^^^^^^^^^^^^^^^^
  File "/config/custom_components/pyscript/eval.py", line 946, in aeval
    val = await getattr(self, name, self.ast_not_implemented)(arg)
          ^^^^^^^^^^^^^^^^^^^^^^^^^^^^^^^^^^^^^^^^^^^^^^^^^^^^^^^^
  File "/config/custom_components/pyscript/eval.py", line 1494, in ast_assign
    rhs = await self.aeval(arg.value)
          ^^^^^^^^^^^^^^^^^^^^^^^^^^^
  File "/config/custom_components/pyscript/eval.py", line 946, in aeval
    val = await getattr(self, name, self.ast_not_implemented)(arg)
          ^^^^^^^^^^^^^^^^^^^^^^^^^^^^^^^^^^^^^^^^^^^^^^^^^^^^^^^^
  File "/config/custom_components/pyscript/eval.py", line 1967, in ast_call
    return await self.call_func(func, func_name, *args, **kwargs)
           ^^^^^^^^^^^^^^^^^^^^^^^^^^^^^^^^^^^^^^^^^^^^^^^^^^^^^^
  File "/config/custom_components/pyscript/eval.py", line 2009, in call_func
    return await func(*args, **kwargs)
           ^^^^^^^^^^^^^^^^^^^^^^^^^^^
  File "/config/custom_components/pyscript/trigger.py", line 603, in user_task_executor
    raise TypeError(
        "pyscript functions can't be called from task.executor - must be a regular python function"
    )
TypeError: pyscript functions can't be called from task.executor - must be a regular python function

During handling of the above exception, another exception occurred:

Traceback (most recent call last):
  File "/config/custom_components/pyscript/eval.py", line 946, in aeval
    val = await getattr(self, name, self.ast_not_implemented)(arg)
          ^^^^^^^^^^^^^^^^^^^^^^^^^^^^^^^^^^^^^^^^^^^^^^^^^^^^^^^^
  File "/config/custom_components/pyscript/eval.py", line 1967, in ast_call
    return await self.call_func(func, func_name, *args, **kwargs)
           ^^^^^^^^^^^^^^^^^^^^^^^^^^^^^^^^^^^^^^^^^^^^^^^^^^^^^^
  File "/config/custom_components/pyscript/eval.py", line 2009, in call_func
    return await func(*args, **kwargs)
                 ~~~~^^^^^^^^^^^^^^^^^
TypeError: Function.service_call() missing 1 required positional argument: 'name'
  [src=custom_components/pyscript/trigger.py:1397, count=2]
[2026-07-16T14:58:31.930348] WARNING  (custom_components.pyscript.eval) file.wireguard_watchdog.wireguard_ha_slave_check line 35 calls blocking time.sleep(); replaced with asyncio.sleep()  [src=custom_components/pyscript/eval.py:2012, count=65]
[2026-07-16T15:09:05.094649] ERROR    (custom_components.pyscript.file.fusionsolar.auto) [FS][ERR] Fetch attempt 0 failed: pyscript functions can't be called from task.executor - must be a regular python function  [src=custom_components/pyscript/eval.py:2018, count=32]
[2026-07-16T15:09:48.746226] ERROR    (custom_components.pyscript.file.fusionsolar.handle) [FS][ERR] Fetch attempt 0 failed: pyscript functions can't be called from task.executor - must be a regular python function  [src=custom_components/pyscript/eval.py:2018, count=40]
[2026-07-16T17:30:01.200419] ERROR    (custom_components.pyscript.file.github_logs.push_ha_warning_error_logs) GitHub logs: impossible de lire /config/home-assistant.log: name 'open' is not defined  [src=custom_components/pyscript/eval.py:2018, count=25]
[2026-07-16T17:37:01.647058] ERROR    (custom_components.pyscript.file.github_logs.push_ha_warning_error_logs) Exception in <file.github_logs.push_ha_warning_error_logs> line 118:
        task.executor(_push_to_github, text)
                                       ^
TypeError: pyscript functions can't be called from task.executor - must be a regular python function
Traceback (most recent call last):
  File "/config/custom_components/pyscript/eval.py", line 946, in aeval
    val = await getattr(self, name, self.ast_not_implemented)(arg)
          ^^^^^^^^^^^^^^^^^^^^^^^^^^^^^^^^^^^^^^^^^^^^^^^^^^^^^^^^
  File "/config/custom_components/pyscript/eval.py", line 1967, in ast_call
    return await self.call_func(func, func_name, *args, **kwargs)
           ^^^^^^^^^^^^^^^^^^^^^^^^^^^^^^^^^^^^^^^^^^^^^^^^^^^^^^
  File "/config/custom_components/pyscript/eval.py", line 2009, in call_func
    return await func(*args, **kwargs)
           ^^^^^^^^^^^^^^^^^^^^^^^^^^^
  File "/config/custom_components/pyscript/trigger.py", line 603, in user_task_executor
    raise TypeError(
        "pyscript functions can't be called from task.executor - must be a regular python function"
    )
TypeError: pyscript functions can't be called from task.executor - must be a regular python function
  [src=custom_components/pyscript/trigger.py:1397, count=7]
[2026-07-17T05:31:49.091385] ERROR    (firebase_messaging.fcmpushclient) Unexpected exception during read
  [src=/usr/local/lib/python3.14/site-packages/firebase_messaging/fcmpushclient.py:717, count=3]
[2026-07-17T06:43:02.472221] ERROR    (custom_components.pyscript.file.pull.check_and_pull) ❌ check_and_pull — git pull échoué : From https://github.com/Vastiben/pyscript_HA
   258860e..7abdeb6  main       -> origin/main
error: Your local changes to the following files would be overwritten by merge:
	logs/ha_warnings_errors.log
Please commit your changes or stash them before you merge.
Aborting  [src=custom_components/pyscript/eval.py:2018, count=784]
[2026-07-17T14:47:08.455333] WARNING  (aiohue.util) Value {'mode': 'random_pixelated', 'mode_values': ['interpolated_palette', 'interpolated_palette_mirrored', 'random_pixelated', 'segmented_palette'], 'pixel_count': 20, 'points': [{'color': {'xy': {'x': 0.6188, 'y': 0.2731}}}, {'color': {'xy': {'x': 0.5177, 'y': 0.4388}}}, {'color': {'xy': {'x': 0.1556, 'y': 0.1391}}}, {'color': {'xy': {'x': 0.3019, 'y': 0.6009}}}, {'color': {'xy': {'x': 0.2009, 'y': 0.0707}}}], 'points_capable': 5} of type <class 'dict'> is invalid for gradient, expected value of type aiohue.v2.models.feature.GradientFeature | None  [src=runner.py:289, count=1]
[2026-07-17T18:52:00.613477] ERROR    (homeassistant.components.spotify.coordinator) Error fetching spotify data: Error communicating with Spotify API  [src=helpers/update_coordinator.py:497, count=9]
[2026-07-17T18:52:05.148008] WARNING  (homeassistant.components.mqtt.client) Error returned from MQTT server: The connection was lost.  [src=components/mqtt/client.py:1271, count=2]
[2026-07-17T18:52:12.034549] ERROR    (homeassistant.components.ring.coordinator) Error fetching devices data: Timeout communicating with Ring API  [src=helpers/update_coordinator.py:497, count=3]
[2026-07-17T18:52:51.880336] ERROR    (homeassistant.components.spotify) Error fetching Bastien Grand Devices data:   [src=helpers/update_coordinator.py:497, count=1]
[2026-07-17T18:53:22.813069] WARNING  (homeassistant.components.media_player) Updating linkplay media_player took longer than the scheduled update interval 0:00:05  [src=helpers/entity_platform.py:1114, count=10]
[2026-07-17T18:53:27.039381] WARNING  (homeassistant.helpers.entity) Update of media_player.wiim_amp_0fb8 is taking over 10 seconds  [src=helpers/entity.py:1297, count=12]
[2026-07-17T18:53:27.537946] ERROR    (homeassistant.helpers.entity) Update for select.wiim_amp_0fb8_audio_output_hardware_mode fails  [src=helpers/entity.py:955, count=4]
[2026-07-17T20:52:36.993217] WARNING  (homeassistant.components.script.allumer_festivia) Allumer festivia: Already running  [src=helpers/script.py:2098, count=1]
[2026-07-17T22:59:01.990891] ERROR    (custom_components.pyscript.file.github_logs) Exception in </config/pyscript/github_logs.py> line 131:
                _notify(f"✅ Logs poussés sur GitHub !
                        ^
SyntaxError: unterminated f-string literal (detected at line 131) (github_logs.py, line 131)
Traceback (most recent call last):
  File "/config/custom_components/pyscript/eval.py", line 2187, in parse
    self.ast = ast.parse(self.code_str, filename=self.filename, mode=mode)
               ~~~~~~~~~^^^^^^^^^^^^^^^^^^^^^^^^^^^^^^^^^^^^^^^^^^^^^^^^^^
  File "/usr/local/lib/python3.14/ast.py", line 46, in parse
    return compile(source, filename, mode, flags,
                   _feature_version=feature_version, optimize=optimize)
  File "/config/pyscript/github_logs.py", line 131
    _notify(f"✅ Logs poussés sur GitHub !
            ^
SyntaxError: unterminated f-string literal (detected at line 131)
  [src=custom_components/pyscript/global_ctx.py:335, count=1]
[2026-07-18T08:56:23.642205] ERROR    (custom_components.pyscript.file.pull.handle_pyscript_ghpull) Exception in <file.pull.handle_pyscript_ghpull> line 13:
        service.call("telegram_bot", "send_message", **data)
                                     ^
MultipleInvalid: value must be one of ['html', 'markdown', 'markdownv2', 'plain_text'] for dictionary value @ data['parse_mode']
Traceback (most recent call last):
  File "/config/custom_components/pyscript/eval.py", line 946, in aeval
    val = await getattr(self, name, self.ast_not_implemented)(arg)
          ^^^^^^^^^^^^^^^^^^^^^^^^^^^^^^^^^^^^^^^^^^^^^^^^^^^^^^^^
  File "/config/custom_components/pyscript/eval.py", line 1967, in ast_call
    return await self.call_func(func, func_name, *args, **kwargs)
           ^^^^^^^^^^^^^^^^^^^^^^^^^^^^^^^^^^^^^^^^^^^^^^^^^^^^^^
  File "/config/custom_components/pyscript/eval.py", line 2009, in call_func
    return await func(*args, **kwargs)
           ^^^^^^^^^^^^^^^^^^^^^^^^^^^
  File "/config/custom_components/pyscript/function.py", line 334, in service_call
    return await cls.hass_services_async_call(domain, name, kwargs, **hass_args)
           ^^^^^^^^^^^^^^^^^^^^^^^^^^^^^^^^^^^^^^^^^^^^^^^^^^^^^^^^^^^^^^^^^^^^^
  File "/config/custom_components/pyscript/function.py", line 434, in hass_services_async_call
    return await cls.hass.services.async_call(domain, service, kwargs, **hass_args)
           ^^^^^^^^^^^^^^^^^^^^^^^^^^^^^^^^^^^^^^^^^^^^^^^^^^^^^^^^^^^^^^^^^^^^^^^^
  File "/usr/src/homeassistant/homeassistant/core.py", line 2782, in async_call
    processed_data: dict[str, Any] = handler.schema(service_data)
                                     ~~~~~~~~~~~~~~^^^^^^^^^^^^^^
  File "/usr/local/lib/python3.14/site-packages/voluptuous/validators.py", line 259, in __call__
    return self._exec((Schema(val) for val in self.validators), v)
           ~~~~~~~~~~^^^^^^^^^^^^^^^^^^^^^^^^^^^^^^^^^^^^^^^^^^^^^
  File "/usr/local/lib/python3.14/site-packages/voluptuous/validators.py", line 386, in _exec
    raise e if self.msg is None else AllInvalid(self.msg, path=path)
  File "/usr/local/lib/python3.14/site-packages/voluptuous/validators.py", line 382, in _exec
    v = func(v)
  File "/usr/local/lib/python3.14/site-packages/voluptuous/schema_builder.py", line 205, in __call__
    return self._compiled([], data)
           ~~~~~~~~~~~~~~^^^^^^^^^^
  File "/usr/local/lib/python3.14/site-packages/voluptuous/schema_builder.py", line 779, in validate_callable
    return schema(data)
  File "/usr/local/lib/python3.14/site-packages/voluptuous/schema_builder.py", line 205, in __call__
    return self._compiled([], data)
           ~~~~~~~~~~~~~~^^^^^^^^^^
  File "/usr/local/lib/python3.14/site-packages/voluptuous/schema_builder.py", line 549, in validate_dict
    return base_validate(path, data.items(), out)
  File "/usr/local/lib/python3.14/site-packages/voluptuous/schema_builder.py", line 382, in validate_mapping
    raise er.MultipleInvalid(errors)
voluptuous.error.MultipleInvalid: value must be one of ['html', 'markdown', 'markdownv2', 'plain_text'] for dictionary value @ data['parse_mode']
  [src=custom_components/pyscript/trigger.py:1397, count=2]
[2026-07-18T09:18:10.239188] WARNING  (homeassistant.util.loop) Detected blocking call to load_verify_locations with args (<ssl.SSLContext object at 0xffff59192b10>, '/usr/local/lib/python3.14/site-packages/certifi/cacert.pem', None, None) inside the event loop by custom integration 'pyscript' at custom_components/pyscript/eval.py, line 2018: return func(*args, **kwargs) (offender: /usr/local/lib/python3.14/site-packages/urllib3/util/ssl_.py, line 461: context.load_verify_locations(ca_certs, ca_cert_dir, ca_cert_data)), please create a bug report at https://github.com/custom-components/pyscript/issues
For developers, please see https://developers.home-assistant.io/docs/asyncio_blocking_operations/#load_verify_locations
Traceback (most recent call last):
  File "<frozen runpy>", line 198, in _run_module_as_main
  File "<frozen runpy>", line 88, in _run_code
  File "/usr/src/homeassistant/homeassistant/__main__.py", line 229, in <module>
    sys.exit(main())
  File "/usr/src/homeassistant/homeassistant/__main__.py", line 215, in main
    exit_code = runner.run(runtime_conf)
  File "/usr/src/homeassistant/homeassistant/runner.py", line 289, in run
    return loop.run_until_complete(setup_and_run_hass(runtime_config))
  File "/usr/local/lib/python3.14/asyncio/base_events.py", line 706, in run_until_complete
    self.run_forever()
  File "/usr/local/lib/python3.14/asyncio/base_events.py", line 677, in run_forever
    self._run_once()
  File "/usr/local/lib/python3.14/asyncio/base_events.py", line 2046, in _run_once
    handle._run()
  File "/usr/local/lib/python3.14/asyncio/events.py", line 94, in _run
    self._context.run(self._callback, *self._args)
  File "/config/custom_components/pyscript/function.py", line 448, in run_coro
    result = await coro
  File "/config/custom_components/pyscript/trigger.py", line 1395, in do_func_call
    await ast_ctx.call_func(func, None, **kwargs)
  File "/config/custom_components/pyscript/eval.py", line 1982, in call_func
    return await func.call(self, *args, **kwargs)
  File "/config/custom_components/pyscript/eval.py", line 806, in call
    val = await self.try_aeval(ast_ctx, arg1)
  File "/config/custom_components/pyscript/eval.py", line 706, in try_aeval
    return await ast_ctx.aeval(arg)
  File "/config/custom_components/pyscript/eval.py", line 946, in aeval
    val = await getattr(self, name, self.ast_not_implemented)(arg)
  File "/config/custom_components/pyscript/eval.py", line 1250, in ast_try
    val = await self.aeval(arg1)
  File "/config/custom_components/pyscript/eval.py", line 946, in aeval
    val = await getattr(self, name, self.ast_not_implemented)(arg)
  File "/config/custom_components/pyscript/eval.py", line 1494, in ast_assign
    rhs = await self.aeval(arg.value)
  File "/config/custom_components/pyscript/eval.py", line 946, in aeval
    val = await getattr(self, name, self.ast_not_implemented)(arg)
  File "/config/custom_components/pyscript/eval.py", line 1967, in ast_call
    return await self.call_func(func, func_name, *args, **kwargs)
  File "/config/custom_components/pyscript/eval.py", line 2018, in call_func
    return func(*args, **kwargs)
  [src=util/loop.py:137, count=9]
[2026-07-18T12:19:41.612675] WARNING  (firebase_messaging.fcmpushclient) Server sent Close message, resetting  [src=runner.py:289, count=1]
[2026-07-18T20:32:28.337985] ERROR    (homeassistant.components.automation.simulation_presence_auto) Détection mouvement: Simulation présence: Error executing script. Error for call_service at pos 9: CastMediaPlayerEntity.media_stop Failed: Failed to execute stop.  [src=helpers/script.py:2098, count=12]
[2026-07-18T20:32:28.343919] ERROR    (homeassistant.components.automation.simulation_presence_auto) Error while executing automation automation.simulation_presence_auto: CastMediaPlayerEntity.media_stop Failed: Failed to execute stop.  [src=components/automation/__init__.py:847, count=5]
[2026-07-18T21:39:58.785779] ERROR    (homeassistant) Error doing job: Future exception was never retrieved (task: None)  [src=/usr/src/homeassistant/homeassistant/runner.py:238, count=1]
[2026-07-19T04:06:33.663984] ERROR    (pychromecast.socket_client) [TV-Box 1(192.168.1.131):8009] Error reading from socket: socket connection broken  [src=/usr/local/lib/python3.14/site-packages/pychromecast/socket_client.py:624, count=6]
[2026-07-19T04:06:33.685946] ERROR    (pychromecast.socket_client) [TV-Box 1(192.168.1.131):8009] Failed to connect to service HostServiceInfo(host='192.168.1.131', port=8009), retrying in 5.0s  [src=/usr/local/lib/python3.14/site-packages/pychromecast/socket_client.py:416, count=6]
[2026-07-19T14:45:00.206915] WARNING  (custom_components.pyscript.file.wireguard_watchdog.wireguard_ha_slave_check) ⚠ tentative 9/9 KO | handshake=OK | ping=PING 172.27.66.3 (172.27.66.3): 56 data bytes

--- 172.27.66.3 ping statistics ---
1 packets transmitted, 0 packets received, 100% packet loss  [src=custom_components/pyscript/eval.py:2018, count=195]
[2026-07-19T17:01:08.777331] ERROR    (pyhap.hap_handler) HASS Bridge: Client ('fe80::1ca3:af85:63c6:d926', 49941, 0, 2) with uuid c10e30ea-0add-4eb9-928b-0d397c13a548 attempted pair verify without being paired first (public_key=7cda8e835c969a8d5c93f1da984be65e5192310622b75fb890284ff1f62caa54, paired clients={UUID('8db0643e-2d83-4f6e-8fe2-65c346d4f8c7'): '7b5a54d828165a7f6fbcad4a094f32f73d3f8cdd17782453f2c0575d3f04067e', UUID('487e2443-d224-4a99-8d0e-17f757cd57cc'): '802a6c222a6d34fd9549c71f8e935fe9ef9fa555d18afca5c0c24ed1df24cb4e'}).  [src=runner.py:289, count=4]
[2026-07-19T17:24:58.045274] WARNING  (homeassistant.components.apple_tv) Connection lost to Apple TV "Bureau"  [src=components/apple_tv/__init__.py:152, count=7]
[2026-07-19T17:25:09.771995] ERROR    (homeassistant.components.apple_tv) Failed to connect  [src=components/apple_tv/__init__.py:224, count=9]
[2026-07-19T17:25:19.240353] WARNING  (pyatv.support.http) Got response without having a request: HttpResponse(protocol='HTTP', version='1.1', code=200, message='OK', headers={'Date': 'Sun, 19 Jul 2026 14:59:51 GMT', 'Content-Length': '0', 'Server': 'AirTunes/950.7.1', 'X-Apple-ProcessingTime': '5', 'X-Apple-RequestReceivedTimestamp': '1069676979'}, body='')  [src=runner.py:289, count=4]
[2026-07-19T17:25:25.225159] WARNING  (homeassistant.components.apple_tv) Connection was re-established to device "Bureau"  [src=components/apple_tv/__init__.py:338, count=7]
[2026-07-19T20:00:00.312331] WARNING  (homeassistant.helpers.service) Referenced entities input_number.body_energy_bastien are missing or not currently available  [src=helpers/target.py:143, count=85]
[2026-07-19T20:40:40.972451] ERROR    (custom_components.pyscript.file.github_logs.handle_pyscript_ghpush) GitHub logs: push FAIL: Caught blocking call to putrequest with args (<HTTPSConnection(host='api.github.com', port=443) at 0xffff4a9e4b90>, 'GET', '/repos/Vastiben/pyscript_HA/contents/logs/ha_warnings_errors.log') inside the event loop by custom integration 'pyscript' at custom_components/pyscript/eval.py, line 2018: return func(*args, **kwargs). (offender: /usr/local/lib/python3.14/site-packages/urllib3/connection.py, line 406: return super().putrequest(), please create a bug report at https://github.com/custom-components/pyscript/issues
For developers, please see https://developers.home-assistant.io/docs/asyncio_blocking_operations/#putrequest  [src=custom_components/pyscript/eval.py:2018, count=14]
[2026-07-19T20:40:41.003937] ERROR    (custom_components.pyscript.file.github_logs.handle_pyscript_ghpush) Exception in <file.github_logs.handle_pyscript_ghpush> line 26:
        service.call("telegram_bot", "send_message", **data)
                                     ^
MultipleInvalid: value must be one of ['html', 'markdown', 'markdownv2', 'plain_text'] for dictionary value @ data['parse_mode']
Traceback (most recent call last):
  File "/config/custom_components/pyscript/eval.py", line 1250, in ast_try
    val = await self.aeval(arg1)
          ^^^^^^^^^^^^^^^^^^^^^^
  File "/config/custom_components/pyscript/eval.py", line 946, in aeval
    val = await getattr(self, name, self.ast_not_implemented)(arg)
          ^^^^^^^^^^^^^^^^^^^^^^^^^^^^^^^^^^^^^^^^^^^^^^^^^^^^^^^^
  File "/config/custom_components/pyscript/eval.py", line 1494, in ast_assign
    rhs = await self.aeval(arg.value)
          ^^^^^^^^^^^^^^^^^^^^^^^^^^^
  File "/config/custom_components/pyscript/eval.py", line 946, in aeval
    val = await getattr(self, name, self.ast_not_implemented)(arg)
          ^^^^^^^^^^^^^^^^^^^^^^^^^^^^^^^^^^^^^^^^^^^^^^^^^^^^^^^^
  File "/config/custom_components/pyscript/eval.py", line 1967, in ast_call
    return await self.call_func(func, func_name, *args, **kwargs)
           ^^^^^^^^^^^^^^^^^^^^^^^^^^^^^^^^^^^^^^^^^^^^^^^^^^^^^^
  File "/config/custom_components/pyscript/eval.py", line 2018, in call_func
    return func(*args, **kwargs)
  File "/config/pyscript/github_logs.py", line 106, in _push_to_github_native
    r = _req.get(base_url, headers=headers)
  File "/usr/local/lib/python3.14/site-packages/requests/api.py", line 73, in get
    return request("get", url, params=params, **kwargs)
  File "/usr/local/lib/python3.14/site-packages/requests/api.py", line 59, in request
    return session.request(method=method, url=url, **kwargs)
           ~~~~~~~~~~~~~~~^^^^^^^^^^^^^^^^^^^^^^^^^^^^^^^^^^
  File "/usr/local/lib/python3.14/site-packages/requests/sessions.py", line 589, in request
    resp = self.send(prep, **send_kwargs)
  File "/usr/local/lib/python3.14/site-packages/requests/sessions.py", line 703, in send
    r = adapter.send(request, **kwargs)
  File "/usr/local/lib/python3.14/site-packages/requests/adapters.py", line 644, in send
    resp = conn.urlopen(
        method=request.method,
    ...<9 lines>...
        chunked=chunked,
    )
  File "/usr/local/lib/python3.14/site-packages/urllib3/connectionpool.py", line 787, in urlopen
    response = self._make_request(
        conn,
    ...<10 lines>...
        **response_kw,
    )
  File "/usr/local/lib/python3.14/site-packages/urllib3/connectionpool.py", line 493, in _make_request
    conn.request(
    ~~~~~~~~~~~~^
        method,
        ^^^^^^^
    ...<6 lines>...
        enforce_content_length=enforce_content_length,
        ^^^^^^^^^^^^^^^^^^^^^^^^^^^^^^^^^^^^^^^^^^^^^^
    )
    ^
  File "/usr/local/lib/python3.14/site-packages/urllib3/connection.py", line 462, in request
    self.putrequest(
    ~~~~~~~~~~~~~~~^
        method, url, skip_accept_encoding=skip_accept_encoding, skip_host=skip_host
        ^^^^^^^^^^^^^^^^^^^^^^^^^^^^^^^^^^^^^^^^^^^^^^^^^^^^^^^^^^^^^^^^^^^^^^^^^^^
    )
    ^
  File "/usr/local/lib/python3.14/site-packages/urllib3/connection.py", line 406, in putrequest
    return super().putrequest(
           ~~~~~~~~~~~~~~~~~~^
        method, url, skip_host=skip_host, skip_accept_encoding=skip_accept_encoding
        ^^^^^^^^^^^^^^^^^^^^^^^^^^^^^^^^^^^^^^^^^^^^^^^^^^^^^^^^^^^^^^^^^^^^^^^^^^^
    )
    ^
  File "/usr/src/homeassistant/homeassistant/util/loop.py", line 193, in protected_loop_func
    raise_for_blocking_call(
    ~~~~~~~~~~~~~~~~~~~~~~~^
        func,
        ^^^^^
    ...<4 lines>...
        kwargs=kwargs,
        ^^^^^^^^^^^^^^
    )
    ^
  File "/usr/src/homeassistant/homeassistant/util/loop.py", line 159, in raise_for_blocking_call
    raise RuntimeError(
    ...<8 lines>...
    )
RuntimeError: Caught blocking call to putrequest with args (<HTTPSConnection(host='api.github.com', port=443) at 0xffff597eb110>, 'GET', '/repos/Vastiben/pyscript_HA/contents/logs/ha_warnings_errors.log') inside the event loop by custom integration 'pyscript' at custom_components/pyscript/eval.py, line 2018: return func(*args, **kwargs). (offender: /usr/local/lib/python3.14/site-packages/urllib3/connection.py, line 406: return super().putrequest(), please create a bug report at https://github.com/custom-components/pyscript/issues
For developers, please see https://developers.home-assistant.io/docs/asyncio_blocking_operations/#putrequest

During handling of the above exception, another exception occurred:

Traceback (most recent call last):
  File "/config/custom_components/pyscript/eval.py", line 946, in aeval
    val = await getattr(self, name, self.ast_not_implemented)(arg)
          ^^^^^^^^^^^^^^^^^^^^^^^^^^^^^^^^^^^^^^^^^^^^^^^^^^^^^^^^
  File "/config/custom_components/pyscript/eval.py", line 1967, in ast_call
    return await self.call_func(func, func_name, *args, **kwargs)
           ^^^^^^^^^^^^^^^^^^^^^^^^^^^^^^^^^^^^^^^^^^^^^^^^^^^^^^
  File "/config/custom_components/pyscript/eval.py", line 2009, in call_func
    return await func(*args, **kwargs)
           ^^^^^^^^^^^^^^^^^^^^^^^^^^^
  File "/config/custom_components/pyscript/function.py", line 334, in service_call
    return await cls.hass_services_async_call(domain, name, kwargs, **hass_args)
           ^^^^^^^^^^^^^^^^^^^^^^^^^^^^^^^^^^^^^^^^^^^^^^^^^^^^^^^^^^^^^^^^^^^^^
  File "/config/custom_components/pyscript/function.py", line 434, in hass_services_async_call
    return await cls.hass.services.async_call(domain, service, kwargs, **hass_args)
           ^^^^^^^^^^^^^^^^^^^^^^^^^^^^^^^^^^^^^^^^^^^^^^^^^^^^^^^^^^^^^^^^^^^^^^^^
  File "/usr/src/homeassistant/homeassistant/core.py", line 2782, in async_call
    processed_data: dict[str, Any] = handler.schema(service_data)
                                     ~~~~~~~~~~~~~~^^^^^^^^^^^^^^
  File "/usr/local/lib/python3.14/site-packages/voluptuous/validators.py", line 259, in __call__
    return self._exec((Schema(val) for val in self.validators), v)
           ~~~~~~~~~~^^^^^^^^^^^^^^^^^^^^^^^^^^^^^^^^^^^^^^^^^^^^^
  File "/usr/local/lib/python3.14/site-packages/voluptuous/validators.py", line 386, in _exec
    raise e if self.msg is None else AllInvalid(self.msg, path=path)
  File "/usr/local/lib/python3.14/site-packages/voluptuous/validators.py", line 382, in _exec
    v = func(v)
  File "/usr/local/lib/python3.14/site-packages/voluptuous/schema_builder.py", line 205, in __call__
    return self._compiled([], data)
           ~~~~~~~~~~~~~~^^^^^^^^^^
  File "/usr/local/lib/python3.14/site-packages/voluptuous/schema_builder.py", line 779, in validate_callable
    return schema(data)
  File "/usr/local/lib/python3.14/site-packages/voluptuous/schema_builder.py", line 205, in __call__
    return self._compiled([], data)
           ~~~~~~~~~~~~~~^^^^^^^^^^
  File "/usr/local/lib/python3.14/site-packages/voluptuous/schema_builder.py", line 549, in validate_dict
    return base_validate(path, data.items(), out)
  File "/usr/local/lib/python3.14/site-packages/voluptuous/schema_builder.py", line 382, in validate_mapping
    raise er.MultipleInvalid(errors)
voluptuous.error.MultipleInvalid: value must be one of ['html', 'markdown', 'markdownv2', 'plain_text'] for dictionary value @ data['parse_mode']
  [src=custom_components/pyscript/trigger.py:1397, count=4]
[2026-07-19T20:48:26.263078] ERROR    (homeassistant.core) Error executing service: <ServiceCall telegram_bot.send_message (c:01KXXSTKD4YQXJ1C02W4XH7V0R): target=[7332342681], message=Erreur ghpush :
Caught blocking call to putrequest with args (<HTTPSConnection(host='api.github.com', port=443) at 0xffff662d5950>, 'GET', '/repos/Vastiben/pyscript_HA/contents/logs/ha_warnings_errors.log') inside the event loop by custom integration 'pyscript' at custom_components/pyscript/eval.py, line 2018: return func(*args, **kwargs). (offender: /usr/local/lib/python3.14/site-packages/urllib3/connection.py, line 406: return super().putrequest(), please create a bug report at https://github.com/custom-components/pyscript/issues
For developers, please see https://developers.home-assistant.io/docs/asyncio_blocking_operations/#putrequest>  [src=core.py:2837, count=33]
[2026-07-19T20:50:55.773027] ERROR    (custom_components.pyscript.file.telegram_commands.router) Exception in <file.telegram_commands.router> line 114:
            return " ".join(str(x) for x in args).strip()
                           ^
NotImplementedError: file.telegram_commands.router: not implemented ast ast_generatorexp
Traceback (most recent call last):
  File "/config/custom_components/pyscript/eval.py", line 946, in aeval
    val = await getattr(self, name, self.ast_not_implemented)(arg)
          ^^^^^^^^^^^^^^^^^^^^^^^^^^^^^^^^^^^^^^^^^^^^^^^^^^^^^^^^
  File "/config/custom_components/pyscript/eval.py", line 937, in ast_not_implemented
    raise NotImplementedError(f"{self.name}: not implemented ast " + name)
NotImplementedError: file.telegram_commands.router: not implemented ast ast_generatorexp
  [src=custom_components/pyscript/trigger.py:1397, count=3]
[2026-07-19T20:51:48.311227] WARNING  (homeassistant.components.media_player) Setup of media_player platform songpal is taking over 10 seconds.  [src=runner.py:289, count=2281]
[2026-07-19T20:51:48.313841] WARNING  (homeassistant.components.songpal.media_player) [HT-ST5000 058ED6(http://192.168.68.124:10000/sony)] Unable to connect  [src=components/songpal/media_player.py:77, count=2281]
